
<?xml version="1.0" encoding="UTF-8" ?>
<testsuites name="vitest tests" tests="36" failures="0" errors="0" time="22.883343002">
    <testsuite name="packages/ai/test/minimax-m3.test.ts" timestamp="2026-06-18T16:45:53.249Z" hostname="agent-env-f4877830-5dfb-4851-b68d-36b1c93ead6b" tests="1" failures="0" errors="0" skipped="0" time="0.001851797">
        <testcase classname="packages/ai/test/minimax-m3.test.ts" name="MiniMax-M3 provider metadata &gt; uses the OpenAI-compatible MiniMax v1 endpoint" time="0.000949071">
        </testcase>
    </testsuite>
    <testsuite name="packages/coding-agent/test/paw-build-command.test.ts" timestamp="2026-06-18T16:45:53.250Z" hostname="agent-env-f4877830-5dfb-4851-b68d-36b1c93ead6b" tests="34" failures="0" errors="0" skipped="0" time="1.046438653">
        <testcase classname="packages/coding-agent/test/paw-build-command.test.ts" name="parsePawBuildArgs &gt; parses one-step build arguments and reports validation errors" time="0.002474164">
        </testcase>
        <testcase classname="packages/coding-agent/test/paw-build-command.test.ts" name="Paw build command &gt; runs a bounded build loop and stops at max steps" time="0.109263673">
            <system-out>
.paw initialized
created: 8
existing: 0

            </system-out>
        </testcase>
        <testcase classname="packages/coding-agent/test/paw-build-command.test.ts" name="Paw build command &gt; completes a bounded build loop when no pending slices remain" time="0.076124657">
            <system-out>
.paw initialized
created: 8
existing: 0

            </system-out>
        </testcase>
        <testcase classname="packages/coding-agent/test/paw-build-command.test.ts" name="Paw build command &gt; completes a full multi-slice build loop with fake agents, native verification, and final report" time="0.114407777">
            <system-out>
.paw initialized
created: 8
existing: 0

            </system-out>
        </testcase>
        <testcase classname="packages/coding-agent/test/paw-build-command.test.ts" name="Paw build command &gt; stops a bounded build loop on provider unavailable block" time="0.045493736">
            <system-out>
.paw initialized
created: 8
existing: 0

            </system-out>
        </testcase>
        <testcase classname="packages/coding-agent/test/paw-build-command.test.ts" name="Paw build command &gt; selects a slice from PLAN_APPROVED to SLICE_SELECT and releases lock" time="0.030243583">
            <system-out>
.paw initialized
created: 8
existing: 0

            </system-out>
        </testcase>
        <testcase classname="packages/coding-agent/test/paw-build-command.test.ts" name="Paw build command &gt; begins implementation from SLICE_SELECT to IMPLEMENTING and releases lock" time="0.022616021">
            <system-out>
.paw initialized
created: 8
existing: 0

            </system-out>
        </testcase>
        <testcase classname="packages/coding-agent/test/paw-build-command.test.ts" name="Paw build command &gt; selects the next pending slice from SLICE_DONE and reports no pending slices" time="0.032464994">
            <system-out>
.paw initialized
created: 8
existing: 0

            </system-out>
        </testcase>
        <testcase classname="packages/coding-agent/test/paw-build-command.test.ts" name="Paw build command &gt; runs one worker pass from IMPLEMENTING to REVIEWING and releases lock" time="0.025988896">
            <system-out>
.paw initialized
created: 8
existing: 0

            </system-out>
        </testcase>
        <testcase classname="packages/coding-agent/test/paw-build-command.test.ts" name="Paw build command &gt; recovers and reports a killed process lock during build" time="0.031100808">
            <system-out>
.paw initialized
created: 8
existing: 0

            </system-out>
        </testcase>
        <testcase classname="packages/coding-agent/test/paw-build-command.test.ts" name="Paw build command &gt; runs one blocked worker result into BLOCKED state" time="0.019835827">
            <system-out>
.paw initialized
created: 8
existing: 0

            </system-out>
        </testcase>
        <testcase classname="packages/coding-agent/test/paw-build-command.test.ts" name="Paw build command &gt; runs one reviewer pass from REVIEWING to VERIFYING and releases lock" time="0.019448232">
            <system-out>
.paw initialized
created: 8
existing: 0

            </system-out>
        </testcase>
        <testcase classname="packages/coding-agent/test/paw-build-command.test.ts" name="Paw build command &gt; runs one blocked reviewer result into BLOCKED state" time="0.01772482">
            <system-out>
.paw initialized
created: 8
existing: 0

            </system-out>
        </testcase>
        <testcase classname="packages/coding-agent/test/paw-build-command.test.ts" name="Paw build command &gt; retries invalid reviewer JSON once before accepting the second output" time="0.019159475">
            <system-out>
.paw initialized
created: 8
existing: 0

            </system-out>
        </testcase>
        <testcase classname="packages/coding-agent/test/paw-build-command.test.ts" name="Paw build command &gt; blocks reviewer with CONTEXT_MISSING after two invalid JSON attempts" time="0.019029105">
            <system-out>
.paw initialized
created: 8
existing: 0

            </system-out>
        </testcase>
        <testcase classname="packages/coding-agent/test/paw-build-command.test.ts" name="Paw build command &gt; retries invalid worker JSON once before accepting the second output" time="0.019598722">
            <system-out>
.paw initialized
created: 8
existing: 0

            </system-out>
        </testcase>
        <testcase classname="packages/coding-agent/test/paw-build-command.test.ts" name="Paw build command &gt; blocks with CONTEXT_MISSING after two invalid worker JSON attempts" time="0.017094355">
            <system-out>
.paw initialized
created: 8
existing: 0

            </system-out>
        </testcase>
        <testcase classname="packages/coding-agent/test/paw-build-command.test.ts" name="Paw build command &gt; runs one verifier pass from VERIFYING to SLICE_DONE without native execution" time="0.027252477">
            <system-out>
.paw initialized
created: 8
existing: 0

            </system-out>
        </testcase>
        <testcase classname="packages/coding-agent/test/paw-build-command.test.ts" name="Paw build command &gt; runs native subprocess verification from build when --native reaches VERIFYING" time="0.029982848">
            <system-out>
.paw initialized
created: 8
existing: 0

            </system-out>
        </testcase>
        <testcase classname="packages/coding-agent/test/paw-build-command.test.ts" name="Paw build command &gt; reports missing project, missing session, invalid state, and missing selected slice" time="0.023439261">
            <system-out>
.paw initialized
created: 8
existing: 0

            </system-out>
        </testcase>
        <testcase classname="packages/coding-agent/test/paw-build-command.test.ts" name="Paw build command &gt; reports live foreign locks without releasing them" time="0.015196315">
            <system-out>
.paw initialized
created: 8
existing: 0

            </system-out>
        </testcase>
        <testcase classname="packages/coding-agent/test/paw-build-command.test.ts" name="Paw build command &gt; runs one worker pass through a programmatic provider executor" time="0.021911185">
            <system-out>
.paw initialized
created: 8
existing: 0

            </system-out>
        </testcase>
        <testcase classname="packages/coding-agent/test/paw-build-command.test.ts" name="Paw build command &gt; runs one reviewer pass through a programmatic provider executor" time="0.01992747">
            <system-out>
.paw initialized
created: 8
existing: 0

            </system-out>
        </testcase>
        <testcase classname="packages/coding-agent/test/paw-build-command.test.ts" name="Paw build command &gt; blocks provider executor resolver failures as provider unavailable" time="0.019190611">
            <system-out>
.paw initialized
created: 8
existing: 0

            </system-out>
        </testcase>
        <testcase classname="packages/coding-agent/test/paw-build-command.test.ts" name="Paw build command &gt; rejects ambiguous build executor configuration before mutating state" time="0.013002242">
            <system-out>
.paw initialized
created: 8
existing: 0

            </system-out>
        </testcase>
        <testcase classname="packages/coding-agent/test/paw-build-command.test.ts" name="Paw build command &gt; sandbox preflight blocks worker before provider execution" time="0.017695288">
            <system-out>
.paw initialized
created: 8
existing: 0

            </system-out>
        </testcase>
        <testcase classname="packages/coding-agent/test/paw-build-command.test.ts" name="Paw build command &gt; sandbox preflight blocks reviewer before provider execution" time="0.018964172">
            <system-out>
.paw initialized
created: 8
existing: 0

            </system-out>
        </testcase>
        <testcase classname="packages/coding-agent/test/paw-build-command.test.ts" name="Paw build command &gt; sandbox preflight allows worker execution when a configured primitive is available" time="0.031570851">
            <system-out>
.paw initialized
created: 8
existing: 0

            </system-out>
        </testcase>
        <testcase classname="packages/coding-agent/test/paw-build-command.test.ts" name="Paw build command &gt; default build executor blocks as provider unavailable for worker and reviewer" time="0.038693706">
            <system-out>
.paw initialized
created: 8
existing: 0

            </system-out>
        </testcase>
        <testcase classname="packages/coding-agent/test/paw-build-command.test.ts" name="Paw build command &gt; default build executor preserves routed provider names" time="0.019062499">
            <system-out>
.paw initialized
created: 8
existing: 0

            </system-out>
        </testcase>
        <testcase classname="packages/coding-agent/test/paw-build-command.test.ts" name="Paw build command &gt; default build executor selects failover provider after provider failure" time="0.022301028">
            <system-out>
.paw initialized
created: 8
existing: 0

            </system-out>
        </testcase>
        <testcase classname="packages/coding-agent/test/paw-build-command.test.ts" name="Paw build command &gt; routes paw build and validates command arguments" time="0.022388727">
        </testcase>
        <testcase classname="packages/coding-agent/test/paw-build-command.test.ts" name="Paw build command &gt; main routes paw build through the default provider executor before normal agent runtime" time="0.080561878">
        </testcase>
        <testcase classname="packages/coding-agent/test/paw-build-command.test.ts" name="Paw build command &gt; runPawBuildCommand surfaces parser errors via exit code" time="0.001630825">
        </testcase>
    </testsuite>
    <testsuite name="packages/coding-agent/test/paw-three-repo-validation.test.ts" timestamp="2026-06-18T16:45:53.255Z" hostname="agent-env-f4877830-5dfb-4851-b68d-36b1c93ead6b" tests="1" failures="0" errors="0" skipped="0" time="21.835052552">
        <testcase classname="packages/coding-agent/test/paw-three-repo-validation.test.ts" name="fixture-based three-repo Paw validation &gt; runs spawned init, status, verify, finalize, and report flows without corrupting representative repos" time="21.834318755">
        </testcase>
    </testsuite>
</testsuites>
